# JRE version: OpenJDK Runtime Environment (8.0_242-b01) (build 1.8.0_242-release-1644-b01)
# Java VM: OpenJDK 64-Bit Server VM (25.242-b01 mixed mode windows-amd64 compressed oops)
Heap:
 PSYoungGen      total 363520K, used 123567K [0x00000000e0000000, 0x00000000fa900000, 0x0000000100000000)
  eden space 293376K, 34% used [0x00000000e0000000,0x00000000e61b3308,0x00000000f1e80000)
  from space 70144K, 33% used [0x00000000f1e80000,0x00000000f3578af8,0x00000000f6300000)
  to   space 69120K, 0% used [0x00000000f6300000,0x00000000f6300000,0x00000000fa680000)
 ParOldGen       total 435200K, used 87841K [0x00000000a0000000, 0x00000000ba900000, 0x00000000e0000000)
  object space 435200K, 20% used [0x00000000a0000000,0x00000000a55c8630,0x00000000ba900000)
 Metaspace       used 99524K, capacity 104313K, committed 104448K, reserved 1140736K
  class space    used 12480K, capacity 13463K, committed 13568K, reserved 1048576K
GC Heap History (10 events):
Event: 1510.027 GC heap before
{Heap before GC invocations=29 (full 4):
 PSYoungGen      total 326656K, used 48589K [0x00000000e0000000, 0x00000000fa680000, 0x0000000100000000)
  eden space 260096K, 0% used [0x00000000e0000000,0x00000000e0000000,0x00000000efe00000)
  from space 66560K, 73% used [0x00000000efe00000,0x00000000f2d73538,0x00000000f3f00000)
  to   space 69120K, 0% used [0x00000000f6300000,0x00000000f6300000,0x00000000fa680000)
 ParOldGen       total 294912K, used 76030K [0x00000000a0000000, 0x00000000b2000000, 0x00000000e0000000)
  object space 294912K, 25% used [0x00000000a0000000,0x00000000a4a3f928,0x00000000b2000000)
 Metaspace       used 93602K, capacity 98427K, committed 98560K, reserved 1134592K
  class space    used 11836K, capacity 12800K, committed 12800K, reserved 1048576K
Event: 1510.424 GC heap after
Heap after GC invocations=29 (full 4):
 PSYoungGen      total 326656K, used 0K [0x00000000e0000000, 0x00000000fa680000, 0x0000000100000000)
  eden space 260096K, 0% used [0x00000000e0000000,0x00000000e0000000,0x00000000efe00000)
  from space 66560K, 0% used [0x00000000efe00000,0x00000000efe00000,0x00000000f3f00000)
  to   space 69120K, 0% used [0x00000000f6300000,0x00000000f6300000,0x00000000fa680000)
 ParOldGen       total 435200K, used 87809K [0x00000000a0000000, 0x00000000ba900000, 0x00000000e0000000)
  object space 435200K, 20% used [0x00000000a0000000,0x00000000a55c0630,0x00000000ba900000)
 Metaspace       used 93219K, capacity 97367K, committed 98560K, reserved 1134592K
  class space    used 11721K, capacity 12621K, committed 12800K, reserved 1048576K
}
Event: 1513.365 GC heap before
{Heap before GC invocations=30 (full 4):
 PSYoungGen      total 326656K, used 260096K [0x00000000e0000000, 0x00000000fa680000, 0x0000000100000000)
  eden space 260096K, 100% used [0x00000000e0000000,0x00000000efe00000,0x00000000efe00000)
  from space 66560K, 0% used [0x00000000efe00000,0x00000000efe00000,0x00000000f3f00000)
  to   space 69120K, 0% used [0x00000000f6300000,0x00000000f6300000,0x00000000fa680000)
 ParOldGen       total 435200K, used 87809K [0x00000000a0000000, 0x00000000ba900000, 0x00000000e0000000)
  object space 435200K, 20% used [0x00000000a0000000,0x00000000a55c0630,0x00000000ba900000)
 Metaspace       used 97921K, capacity 102501K, committed 102656K, reserved 1138688K
  class space    used 12306K, capacity 13263K, committed 13312K, reserved 1048576K
Event: 1513.379 GC heap after
Heap after GC invocations=30 (full 4):
 PSYoungGen      total 362496K, used 7876K [0x00000000e0000000, 0x00000000fa900000, 0x0000000100000000)
  eden space 293376K, 0% used [0x00000000e0000000,0x00000000e0000000,0x00000000f1e80000)
  from space 69120K, 11% used [0x00000000f6300000,0x00000000f6ab1390,0x00000000fa680000)
  to   space 70144K, 0% used [0x00000000f1e80000,0x00000000f1e80000,0x00000000f6300000)
 ParOldGen       total 435200K, used 87817K [0x00000000a0000000, 0x00000000ba900000, 0x00000000e0000000)
  object space 435200K, 20% used [0x00000000a0000000,0x00000000a55c2630,0x00000000ba900000)
 Metaspace       used 97921K, capacity 102501K, committed 102656K, reserved 1138688K
  class space    used 12306K, capacity 13263K, committed 13312K, reserved 1048576K
}
Event: 1514.671 GC heap before
{Heap before GC invocations=31 (full 4):
 PSYoungGen      total 362496K, used 301252K [0x00000000e0000000, 0x00000000fa900000, 0x0000000100000000)
  eden space 293376K, 100% used [0x00000000e0000000,0x00000000f1e80000,0x00000000f1e80000)
  from space 69120K, 11% used [0x00000000f6300000,0x00000000f6ab1390,0x00000000fa680000)
  to   space 70144K, 0% used [0x00000000f1e80000,0x00000000f1e80000,0x00000000f6300000)
 ParOldGen       total 435200K, used 87817K [0x00000000a0000000, 0x00000000ba900000, 0x00000000e0000000)
  object space 435200K, 20% used [0x00000000a0000000,0x00000000a55c2630,0x00000000ba900000)
 Metaspace       used 98506K, capacity 103281K, committed 103552K, reserved 1138688K
  class space    used 12368K, capacity 13365K, committed 13440K, reserved 1048576K
Event: 1514.689 GC heap after
Heap after GC invocations=31 (full 4):
 PSYoungGen      total 363520K, used 12299K [0x00000000e0000000, 0x00000000fa900000, 0x0000000100000000)
  eden space 293376K, 0% used [0x00000000e0000000,0x00000000e0000000,0x00000000f1e80000)
  from space 70144K, 17% used [0x00000000f1e80000,0x00000000f2a82e50,0x00000000f6300000)
  to   space 69120K, 0% used [0x00000000f6300000,0x00000000f6300000,0x00000000fa680000)
 ParOldGen       total 435200K, used 87825K [0x00000000a0000000, 0x00000000ba900000, 0x00000000e0000000)
  object space 435200K, 20% used [0x00000000a0000000,0x00000000a55c4630,0x00000000ba900000)
 Metaspace       used 98506K, capacity 103281K, committed 103552K, reserved 1138688K
  class space    used 12368K, capacity 13365K, committed 13440K, reserved 1048576K
}
Event: 1515.723 GC heap before
{Heap before GC invocations=32 (full 4):
 PSYoungGen      total 363520K, used 305675K [0x00000000e0000000, 0x00000000fa900000, 0x0000000100000000)
  eden space 293376K, 100% used [0x00000000e0000000,0x00000000f1e80000,0x00000000f1e80000)
  from space 70144K, 17% used [0x00000000f1e80000,0x00000000f2a82e50,0x00000000f6300000)
  to   space 69120K, 0% used [0x00000000f6300000,0x00000000f6300000,0x00000000fa680000)
 ParOldGen       total 435200K, used 87825K [0x00000000a0000000, 0x00000000ba900000, 0x00000000e0000000)
  object space 435200K, 20% used [0x00000000a0000000,0x00000000a55c4630,0x00000000ba900000)
 Metaspace       used 98575K, capacity 103301K, committed 103552K, reserved 1138688K
  class space    used 12369K, capacity 13367K, committed 13440K, reserved 1048576K
Event: 1515.743 GC heap after
Heap after GC invocations=32 (full 4):
 PSYoungGen      total 362496K, used 15009K [0x00000000e0000000, 0x00000000fa900000, 0x0000000100000000)
  eden space 293376K, 0% used [0x00000000e0000000,0x00000000e0000000,0x00000000f1e80000)
  from space 69120K, 21% used [0x00000000f6300000,0x00000000f71a8400,0x00000000fa680000)
  to   space 70144K, 0% used [0x00000000f1e80000,0x00000000f1e80000,0x00000000f6300000)
 ParOldGen       total 435200K, used 87833K [0x00000000a0000000, 0x00000000ba900000, 0x00000000e0000000)
  object space 435200K, 20% used [0x00000000a0000000,0x00000000a55c6630,0x00000000ba900000)
 Metaspace       used 98575K, capacity 103301K, committed 103552K, reserved 1138688K
  class space    used 12369K, capacity 13367K, committed 13440K, reserved 1048576K
}
Event: 1517.474 GC heap before
{Heap before GC invocations=33 (full 4):
 PSYoungGen      total 362496K, used 308385K [0x00000000e0000000, 0x00000000fa900000, 0x0000000100000000)
  eden space 293376K, 100% used [0x00000000e0000000,0x00000000f1e80000,0x00000000f1e80000)
  from space 69120K, 21% used [0x00000000f6300000,0x00000000f71a8400,0x00000000fa680000)
  to   space 70144K, 0% used [0x00000000f1e80000,0x00000000f1e80000,0x00000000f6300000)
 ParOldGen       total 435200K, used 87833K [0x00000000a0000000, 0x00000000ba900000, 0x00000000e0000000)
  object space 435200K, 20% used [0x00000000a0000000,0x00000000a55c6630,0x00000000ba900000)
 Metaspace       used 99508K, capacity 104313K, committed 104448K, reserved 1140736K
  class space    used 12480K, capacity 13463K, committed 13568K, reserved 1048576K
Event: 1517.497 GC heap after
Heap after GC invocations=33 (full 4):
 PSYoungGen      total 363520K, used 23522K [0x00000000e0000000, 0x00000000fa900000, 0x0000000100000000)
  eden space 293376K, 0% used [0x00000000e0000000,0x00000000e0000000,0x00000000f1e80000)
  from space 70144K, 33% used [0x00000000f1e80000,0x00000000f3578af8,0x00000000f6300000)
  to   space 69120K, 0% used [0x00000000f6300000,0x00000000f6300000,0x00000000fa680000)
 ParOldGen       total 435200K, used 87841K [0x00000000a0000000, 0x00000000ba900000, 0x00000000e0000000)
  object space 435200K, 20% used [0x00000000a0000000,0x00000000a55c8630,0x00000000ba900000)
 Metaspace       used 99508K, capacity 104313K, committed 104448K, reserved 1140736K
  class space    used 12480K, capacity 13463K, committed 13568K, reserved 1048576K
}

